[0.016s] Invoking command in '/home/ubuntu/Desktop/ros2_ws/build/submarine_description': CMAKE_PREFIX_PATH=/opt/ros/humble /usr/bin/cmake /home/ubuntu/Desktop/ros2_ws/src/submarine_description -DAMENT_CMAKE_SYMLINK_INSTALL=1 -DCMAKE_INSTALL_PREFIX=/home/ubuntu/Desktop/ros2_ws/install/submarine_description
[0.033s] -- Found ament_cmake: 1.3.9 (/opt/ros/humble/share/ament_cmake/cmake)
[0.208s] -- Override CMake install command with custom implementation using symlinks instead of copying resources
[0.285s] -- Configuring done
[0.289s] -- Generating done
[0.290s] -- Build files have been written to: /home/ubuntu/Desktop/ros2_ws/build/submarine_description
[0.293s] Invoked command in '/home/ubuntu/Desktop/ros2_ws/build/submarine_description' returned '0': CMAKE_PREFIX_PATH=/opt/ros/humble /usr/bin/cmake /home/ubuntu/Desktop/ros2_ws/src/submarine_description -DAMENT_CMAKE_SYMLINK_INSTALL=1 -DCMAKE_INSTALL_PREFIX=/home/ubuntu/Desktop/ros2_ws/install/submarine_description
[0.296s] Invoking command in '/home/ubuntu/Desktop/ros2_ws/build/submarine_description': CMAKE_PREFIX_PATH=/opt/ros/humble /usr/bin/cmake --build /home/ubuntu/Desktop/ros2_ws/build/submarine_description -- -j12 -l12
[0.383s] Invoked command in '/home/ubuntu/Desktop/ros2_ws/build/submarine_description' returned '0': CMAKE_PREFIX_PATH=/opt/ros/humble /usr/bin/cmake --build /home/ubuntu/Desktop/ros2_ws/build/submarine_description -- -j12 -l12
[0.453s] Invoking command in '/home/ubuntu/Desktop/ros2_ws/build/submarine_description': CMAKE_PREFIX_PATH=/opt/ros/humble /usr/bin/cmake --install /home/ubuntu/Desktop/ros2_ws/build/submarine_description
[0.473s] -- Install configuration: ""
[0.474s] -- Execute custom install script
[0.475s] -- Up-to-date symlink: /home/ubuntu/Desktop/ros2_ws/install/submarine_description/share/submarine_description/urdf/common_properties_1.xacro
[0.475s] -- Up-to-date symlink: /home/ubuntu/Desktop/ros2_ws/install/submarine_description/share/submarine_description/urdf/my_robot_1.urdf.xacro
[0.476s] -- Up-to-date symlink: /home/ubuntu/Desktop/ros2_ws/install/submarine_description/share/submarine_description/urdf/submarine.xacro
[0.476s] -- Up-to-date symlink: /home/ubuntu/Desktop/ros2_ws/install/submarine_description/share/submarine_description/launch/display.launch.xml
[0.477s] -- Up-to-date symlink: /home/ubuntu/Desktop/ros2_ws/install/submarine_description/share/submarine_description/rviz/urdf_config.rviz
[0.477s] -- Up-to-date symlink: /home/ubuntu/Desktop/ros2_ws/install/submarine_description/share/ament_index/resource_index/package_run_dependencies/submarine_description
[0.478s] -- Up-to-date symlink: /home/ubuntu/Desktop/ros2_ws/install/submarine_description/share/ament_index/resource_index/parent_prefix_path/submarine_description
[0.479s] -- Up-to-date symlink: /home/ubuntu/Desktop/ros2_ws/install/submarine_description/share/submarine_description/environment/ament_prefix_path.sh
[0.479s] -- Up-to-date symlink: /home/ubuntu/Desktop/ros2_ws/install/submarine_description/share/submarine_description/environment/ament_prefix_path.dsv
[0.479s] -- Up-to-date symlink: /home/ubuntu/Desktop/ros2_ws/install/submarine_description/share/submarine_description/environment/path.sh
[0.480s] -- Up-to-date symlink: /home/ubuntu/Desktop/ros2_ws/install/submarine_description/share/submarine_description/environment/path.dsv
[0.480s] -- Up-to-date symlink: /home/ubuntu/Desktop/ros2_ws/install/submarine_description/share/submarine_description/local_setup.bash
[0.480s] -- Up-to-date symlink: /home/ubuntu/Desktop/ros2_ws/install/submarine_description/share/submarine_description/local_setup.sh
[0.481s] -- Up-to-date symlink: /home/ubuntu/Desktop/ros2_ws/install/submarine_description/share/submarine_description/local_setup.zsh
[0.481s] -- Up-to-date symlink: /home/ubuntu/Desktop/ros2_ws/install/submarine_description/share/submarine_description/local_setup.dsv
[0.481s] -- Symlinking: /home/ubuntu/Desktop/ros2_ws/install/submarine_description/share/submarine_description/package.dsv
[0.510s] -- Up-to-date symlink: /home/ubuntu/Desktop/ros2_ws/install/submarine_description/share/ament_index/resource_index/packages/submarine_description
[0.510s] -- Up-to-date symlink: /home/ubuntu/Desktop/ros2_ws/install/submarine_description/share/submarine_description/cmake/submarine_descriptionConfig.cmake
[0.511s] -- Up-to-date symlink: /home/ubuntu/Desktop/ros2_ws/install/submarine_description/share/submarine_description/cmake/submarine_descriptionConfig-version.cmake
[0.511s] -- Up-to-date symlink: /home/ubuntu/Desktop/ros2_ws/install/submarine_description/share/submarine_description/package.xml
[0.515s] Invoked command in '/home/ubuntu/Desktop/ros2_ws/build/submarine_description' returned '0': CMAKE_PREFIX_PATH=/opt/ros/humble /usr/bin/cmake --install /home/ubuntu/Desktop/ros2_ws/build/submarine_description
