[0.088s] DEBUG:colcon:Command line arguments: ['/usr/bin/colcon', 'build']
[0.089s] DEBUG:colcon:Parsed command line arguments: Namespace(log_base=None, log_level=None, verb_name='build', build_base='build', install_base='install', merge_install=False, symlink_install=False, test_result_base=None, continue_on_error=False, executor='parallel', parallel_workers=12, event_handlers=None, ignore_user_meta=False, metas=['./colcon.meta'], base_paths=['.'], packages_ignore=None, packages_ignore_regex=None, paths=None, packages_up_to=None, packages_up_to_regex=None, packages_above=None, packages_above_and_dependencies=None, packages_above_depth=None, packages_select_by_dep=None, packages_skip_by_dep=None, packages_skip_up_to=None, packages_select_build_failed=False, packages_skip_build_finished=False, packages_select_test_failures=False, packages_skip_test_passed=False, packages_select=None, packages_skip=None, packages_select_regex=None, packages_skip_regex=None, packages_start=None, packages_end=None, allow_overriding=[], cmake_args=None, cmake_target=None, cmake_target_skip_unavailable=False, cmake_clean_cache=False, cmake_clean_first=False, cmake_force_configure=False, ament_cmake_args=None, catkin_cmake_args=None, catkin_skip_building_tests=False, mixin_files=None, mixin=None, verb_parser=<colcon_mixin.mixin.mixin_argument.MixinArgumentDecorator object at 0x746f8c0d29e0>, verb_extension=<colcon_core.verb.build.BuildVerb object at 0x746f8c0d23b0>, main=<bound method BuildVerb.main of <colcon_core.verb.build.BuildVerb object at 0x746f8c0d23b0>>, mixin_verb=('build',))
[0.232s] Level 1:colcon.colcon_core.package_discovery:discover_packages(colcon_meta) check parameters
[0.232s] Level 1:colcon.colcon_core.package_discovery:discover_packages(recursive) check parameters
[0.232s] Level 1:colcon.colcon_core.package_discovery:discover_packages(ignore) check parameters
[0.232s] Level 1:colcon.colcon_core.package_discovery:discover_packages(path) check parameters
[0.232s] Level 1:colcon.colcon_core.package_discovery:discover_packages(colcon_meta) discover
[0.232s] Level 1:colcon.colcon_core.package_discovery:discover_packages(recursive) discover
[0.232s] INFO:colcon.colcon_core.package_discovery:Crawling recursively for packages in '/home/ubuntu/Desktop/ros2_ws'
[0.232s] Level 1:colcon.colcon_core.package_identification:_identify(.) by extensions ['ignore', 'ignore_ament_install']
[0.232s] Level 1:colcon.colcon_core.package_identification:_identify(.) by extension 'ignore'
[0.232s] Level 1:colcon.colcon_core.package_identification:_identify(.) by extension 'ignore_ament_install'
[0.232s] Level 1:colcon.colcon_core.package_identification:_identify(.) by extensions ['colcon_pkg']
[0.232s] Level 1:colcon.colcon_core.package_identification:_identify(.) by extension 'colcon_pkg'
[0.232s] Level 1:colcon.colcon_core.package_identification:_identify(.) by extensions ['colcon_meta']
[0.232s] Level 1:colcon.colcon_core.package_identification:_identify(.) by extension 'colcon_meta'
[0.232s] Level 1:colcon.colcon_core.package_identification:_identify(.) by extensions ['ros']
[0.232s] Level 1:colcon.colcon_core.package_identification:_identify(.) by extension 'ros'
[0.242s] Level 1:colcon.colcon_core.package_identification:_identify(.) by extensions ['cmake', 'python']
[0.242s] Level 1:colcon.colcon_core.package_identification:_identify(.) by extension 'cmake'
[0.242s] Level 1:colcon.colcon_core.package_identification:_identify(.) by extension 'python'
[0.242s] Level 1:colcon.colcon_core.package_identification:_identify(.) by extensions ['python_setup_py']
[0.242s] Level 1:colcon.colcon_core.package_identification:_identify(.) by extension 'python_setup_py'
[0.242s] Level 1:colcon.colcon_core.package_identification:_identify(build) by extensions ['ignore', 'ignore_ament_install']
[0.242s] Level 1:colcon.colcon_core.package_identification:_identify(build) by extension 'ignore'
[0.242s] Level 1:colcon.colcon_core.package_identification:_identify(build) ignored
[0.242s] Level 1:colcon.colcon_core.package_identification:_identify(install) by extensions ['ignore', 'ignore_ament_install']
[0.242s] Level 1:colcon.colcon_core.package_identification:_identify(install) by extension 'ignore'
[0.242s] Level 1:colcon.colcon_core.package_identification:_identify(install) ignored
[0.243s] Level 1:colcon.colcon_core.package_identification:_identify(log) by extensions ['ignore', 'ignore_ament_install']
[0.243s] Level 1:colcon.colcon_core.package_identification:_identify(log) by extension 'ignore'
[0.243s] Level 1:colcon.colcon_core.package_identification:_identify(log) ignored
[0.243s] Level 1:colcon.colcon_core.package_identification:_identify(src) by extensions ['ignore', 'ignore_ament_install']
[0.243s] Level 1:colcon.colcon_core.package_identification:_identify(src) by extension 'ignore'
[0.243s] Level 1:colcon.colcon_core.package_identification:_identify(src) by extension 'ignore_ament_install'
[0.243s] Level 1:colcon.colcon_core.package_identification:_identify(src) by extensions ['colcon_pkg']
[0.243s] Level 1:colcon.colcon_core.package_identification:_identify(src) by extension 'colcon_pkg'
[0.243s] Level 1:colcon.colcon_core.package_identification:_identify(src) by extensions ['colcon_meta']
[0.243s] Level 1:colcon.colcon_core.package_identification:_identify(src) by extension 'colcon_meta'
[0.243s] Level 1:colcon.colcon_core.package_identification:_identify(src) by extensions ['ros']
[0.243s] Level 1:colcon.colcon_core.package_identification:_identify(src) by extension 'ros'
[0.243s] Level 1:colcon.colcon_core.package_identification:_identify(src) by extensions ['cmake', 'python']
[0.243s] Level 1:colcon.colcon_core.package_identification:_identify(src) by extension 'cmake'
[0.243s] Level 1:colcon.colcon_core.package_identification:_identify(src) by extension 'python'
[0.243s] Level 1:colcon.colcon_core.package_identification:_identify(src) by extensions ['python_setup_py']
[0.243s] Level 1:colcon.colcon_core.package_identification:_identify(src) by extension 'python_setup_py'
[0.243s] Level 1:colcon.colcon_core.package_identification:_identify(src/submarine_bringup) by extensions ['ignore', 'ignore_ament_install']
[0.243s] Level 1:colcon.colcon_core.package_identification:_identify(src/submarine_bringup) by extension 'ignore'
[0.243s] Level 1:colcon.colcon_core.package_identification:_identify(src/submarine_bringup) by extension 'ignore_ament_install'
[0.243s] Level 1:colcon.colcon_core.package_identification:_identify(src/submarine_bringup) by extensions ['colcon_pkg']
[0.243s] Level 1:colcon.colcon_core.package_identification:_identify(src/submarine_bringup) by extension 'colcon_pkg'
[0.243s] Level 1:colcon.colcon_core.package_identification:_identify(src/submarine_bringup) by extensions ['colcon_meta']
[0.244s] Level 1:colcon.colcon_core.package_identification:_identify(src/submarine_bringup) by extension 'colcon_meta'
[0.244s] Level 1:colcon.colcon_core.package_identification:_identify(src/submarine_bringup) by extensions ['ros']
[0.244s] Level 1:colcon.colcon_core.package_identification:_identify(src/submarine_bringup) by extension 'ros'
[0.245s] DEBUG:colcon.colcon_core.package_identification:Package 'src/submarine_bringup' with type 'ros.ament_cmake' and name 'submarine_bringup'
[0.246s] Level 1:colcon.colcon_core.package_identification:_identify(src/submarine_description) by extensions ['ignore', 'ignore_ament_install']
[0.246s] Level 1:colcon.colcon_core.package_identification:_identify(src/submarine_description) by extension 'ignore'
[0.246s] Level 1:colcon.colcon_core.package_identification:_identify(src/submarine_description) by extension 'ignore_ament_install'
[0.246s] Level 1:colcon.colcon_core.package_identification:_identify(src/submarine_description) by extensions ['colcon_pkg']
[0.246s] Level 1:colcon.colcon_core.package_identification:_identify(src/submarine_description) by extension 'colcon_pkg'
[0.246s] Level 1:colcon.colcon_core.package_identification:_identify(src/submarine_description) by extensions ['colcon_meta']
[0.246s] Level 1:colcon.colcon_core.package_identification:_identify(src/submarine_description) by extension 'colcon_meta'
[0.246s] Level 1:colcon.colcon_core.package_identification:_identify(src/submarine_description) by extensions ['ros']
[0.246s] Level 1:colcon.colcon_core.package_identification:_identify(src/submarine_description) by extension 'ros'
[0.247s] DEBUG:colcon.colcon_core.package_identification:Package 'src/submarine_description' with type 'ros.ament_cmake' and name 'submarine_description'
[0.247s] Level 1:colcon.colcon_core.package_discovery:discover_packages(recursive) using defaults
[0.247s] Level 1:colcon.colcon_core.package_discovery:discover_packages(ignore) discover
[0.247s] Level 1:colcon.colcon_core.package_discovery:discover_packages(ignore) using defaults
[0.247s] Level 1:colcon.colcon_core.package_discovery:discover_packages(path) discover
[0.247s] Level 1:colcon.colcon_core.package_discovery:discover_packages(path) using defaults
[0.263s] Level 1:colcon.colcon_core.package_discovery:discover_packages(prefix_path) check parameters
[0.264s] Level 1:colcon.colcon_core.package_discovery:discover_packages(prefix_path) discover
[0.266s] DEBUG:colcon.colcon_installed_package_information.package_discovery:Found 2 installed packages in /home/ubuntu/Desktop/ros2_ws/install
[0.268s] DEBUG:colcon.colcon_installed_package_information.package_discovery:Found 336 installed packages in /opt/ros/humble
[0.281s] Level 1:colcon.colcon_core.package_discovery:discover_packages(prefix_path) using defaults
[0.318s] Level 5:colcon.colcon_core.verb:set package 'submarine_description' build argument 'cmake_args' from command line to 'None'
[0.319s] Level 5:colcon.colcon_core.verb:set package 'submarine_description' build argument 'cmake_target' from command line to 'None'
[0.319s] Level 5:colcon.colcon_core.verb:set package 'submarine_description' build argument 'cmake_target_skip_unavailable' from command line to 'False'
[0.319s] Level 5:colcon.colcon_core.verb:set package 'submarine_description' build argument 'cmake_clean_cache' from command line to 'False'
[0.319s] Level 5:colcon.colcon_core.verb:set package 'submarine_description' build argument 'cmake_clean_first' from command line to 'False'
[0.319s] Level 5:colcon.colcon_core.verb:set package 'submarine_description' build argument 'cmake_force_configure' from command line to 'False'
[0.319s] Level 5:colcon.colcon_core.verb:set package 'submarine_description' build argument 'ament_cmake_args' from command line to 'None'
[0.319s] Level 5:colcon.colcon_core.verb:set package 'submarine_description' build argument 'catkin_cmake_args' from command line to 'None'
[0.319s] Level 5:colcon.colcon_core.verb:set package 'submarine_description' build argument 'catkin_skip_building_tests' from command line to 'False'
[0.319s] DEBUG:colcon.colcon_core.verb:Building package 'submarine_description' with the following arguments: {'ament_cmake_args': None, 'build_base': '/home/ubuntu/Desktop/ros2_ws/build/submarine_description', 'catkin_cmake_args': None, 'catkin_skip_building_tests': False, 'cmake_args': None, 'cmake_clean_cache': False, 'cmake_clean_first': False, 'cmake_force_configure': False, 'cmake_target': None, 'cmake_target_skip_unavailable': False, 'install_base': '/home/ubuntu/Desktop/ros2_ws/install/submarine_description', 'merge_install': False, 'path': '/home/ubuntu/Desktop/ros2_ws/src/submarine_description', 'symlink_install': False, 'test_result_base': None}
[0.319s] Level 5:colcon.colcon_core.verb:set package 'submarine_bringup' build argument 'cmake_args' from command line to 'None'
[0.319s] Level 5:colcon.colcon_core.verb:set package 'submarine_bringup' build argument 'cmake_target' from command line to 'None'
[0.319s] Level 5:colcon.colcon_core.verb:set package 'submarine_bringup' build argument 'cmake_target_skip_unavailable' from command line to 'False'
[0.319s] Level 5:colcon.colcon_core.verb:set package 'submarine_bringup' build argument 'cmake_clean_cache' from command line to 'False'
[0.319s] Level 5:colcon.colcon_core.verb:set package 'submarine_bringup' build argument 'cmake_clean_first' from command line to 'False'
[0.319s] Level 5:colcon.colcon_core.verb:set package 'submarine_bringup' build argument 'cmake_force_configure' from command line to 'False'
[0.319s] Level 5:colcon.colcon_core.verb:set package 'submarine_bringup' build argument 'ament_cmake_args' from command line to 'None'
[0.319s] Level 5:colcon.colcon_core.verb:set package 'submarine_bringup' build argument 'catkin_cmake_args' from command line to 'None'
[0.319s] Level 5:colcon.colcon_core.verb:set package 'submarine_bringup' build argument 'catkin_skip_building_tests' from command line to 'False'
[0.319s] DEBUG:colcon.colcon_core.verb:Building package 'submarine_bringup' with the following arguments: {'ament_cmake_args': None, 'build_base': '/home/ubuntu/Desktop/ros2_ws/build/submarine_bringup', 'catkin_cmake_args': None, 'catkin_skip_building_tests': False, 'cmake_args': None, 'cmake_clean_cache': False, 'cmake_clean_first': False, 'cmake_force_configure': False, 'cmake_target': None, 'cmake_target_skip_unavailable': False, 'install_base': '/home/ubuntu/Desktop/ros2_ws/install/submarine_bringup', 'merge_install': False, 'path': '/home/ubuntu/Desktop/ros2_ws/src/submarine_bringup', 'symlink_install': False, 'test_result_base': None}
[0.319s] INFO:colcon.colcon_core.executor:Executing jobs using 'parallel' executor
[0.320s] DEBUG:colcon.colcon_parallel_executor.executor.parallel:run_until_complete
[0.321s] INFO:colcon.colcon_ros.task.ament_cmake.build:Building ROS package in '/home/ubuntu/Desktop/ros2_ws/src/submarine_description' with build type 'ament_cmake'
[0.321s] INFO:colcon.colcon_cmake.task.cmake.build:Building CMake package in '/home/ubuntu/Desktop/ros2_ws/src/submarine_description'
[0.323s] INFO:colcon.colcon_core.plugin_system:Skipping extension 'colcon_core.shell.bat': Not used on non-Windows systems
[0.323s] INFO:colcon.colcon_core.shell:Skip shell extension 'powershell' for command environment: Not usable outside of PowerShell
[0.323s] DEBUG:colcon.colcon_core.shell:Skip shell extension 'dsv' for command environment
[0.337s] DEBUG:colcon.colcon_core.event_handler.log_command:Invoking command in '/home/ubuntu/Desktop/ros2_ws/build/submarine_description': CMAKE_PREFIX_PATH=${CMAKE_PREFIX_PATH}:/opt/ros/humble /usr/bin/cmake --build /home/ubuntu/Desktop/ros2_ws/build/submarine_description -- -j12 -l12
[0.394s] DEBUG:colcon.colcon_core.event_handler.log_command:Invoked command in '/home/ubuntu/Desktop/ros2_ws/build/submarine_description' returned '0': CMAKE_PREFIX_PATH=${CMAKE_PREFIX_PATH}:/opt/ros/humble /usr/bin/cmake --build /home/ubuntu/Desktop/ros2_ws/build/submarine_description -- -j12 -l12
[0.434s] DEBUG:colcon.colcon_core.event_handler.log_command:Invoking command in '/home/ubuntu/Desktop/ros2_ws/build/submarine_description': CMAKE_PREFIX_PATH=${CMAKE_PREFIX_PATH}:/opt/ros/humble /usr/bin/cmake --install /home/ubuntu/Desktop/ros2_ws/build/submarine_description
[0.477s] Level 1:colcon.colcon_core.environment:create_environment_scripts_only(submarine_description)
[0.478s] DEBUG:colcon.colcon_core.event_handler.log_command:Invoked command in '/home/ubuntu/Desktop/ros2_ws/build/submarine_description' returned '0': CMAKE_PREFIX_PATH=${CMAKE_PREFIX_PATH}:/opt/ros/humble /usr/bin/cmake --install /home/ubuntu/Desktop/ros2_ws/build/submarine_description
[0.480s] Level 1:colcon.colcon_core.environment:checking '/home/ubuntu/Desktop/ros2_ws/install/submarine_description' for CMake module files
[0.481s] Level 1:colcon.colcon_core.environment:checking '/home/ubuntu/Desktop/ros2_ws/install/submarine_description' for CMake config files
[0.482s] Level 1:colcon.colcon_core.shell:create_environment_hook('submarine_description', 'cmake_prefix_path')
[0.482s] INFO:colcon.colcon_core.shell:Creating environment hook '/home/ubuntu/Desktop/ros2_ws/install/submarine_description/share/submarine_description/hook/cmake_prefix_path.ps1'
[0.483s] INFO:colcon.colcon_core.shell:Creating environment descriptor '/home/ubuntu/Desktop/ros2_ws/install/submarine_description/share/submarine_description/hook/cmake_prefix_path.dsv'
[0.484s] INFO:colcon.colcon_core.shell:Creating environment hook '/home/ubuntu/Desktop/ros2_ws/install/submarine_description/share/submarine_description/hook/cmake_prefix_path.sh'
[0.485s] Level 1:colcon.colcon_core.environment:checking '/home/ubuntu/Desktop/ros2_ws/install/submarine_description/bin'
[0.486s] Level 1:colcon.colcon_core.environment:checking '/home/ubuntu/Desktop/ros2_ws/install/submarine_description/lib/pkgconfig/submarine_description.pc'
[0.486s] Level 1:colcon.colcon_core.environment:checking '/home/ubuntu/Desktop/ros2_ws/install/submarine_description/lib/python3.10/site-packages'
[0.486s] Level 1:colcon.colcon_core.environment:checking '/home/ubuntu/Desktop/ros2_ws/install/submarine_description/bin'
[0.487s] INFO:colcon.colcon_core.shell:Creating package script '/home/ubuntu/Desktop/ros2_ws/install/submarine_description/share/submarine_description/package.ps1'
[0.488s] INFO:colcon.colcon_core.shell:Creating package descriptor '/home/ubuntu/Desktop/ros2_ws/install/submarine_description/share/submarine_description/package.dsv'
[0.490s] INFO:colcon.colcon_core.shell:Creating package script '/home/ubuntu/Desktop/ros2_ws/install/submarine_description/share/submarine_description/package.sh'
[0.491s] INFO:colcon.colcon_core.shell:Creating package script '/home/ubuntu/Desktop/ros2_ws/install/submarine_description/share/submarine_description/package.bash'
[0.492s] INFO:colcon.colcon_core.shell:Creating package script '/home/ubuntu/Desktop/ros2_ws/install/submarine_description/share/submarine_description/package.zsh'
[0.493s] Level 1:colcon.colcon_core.environment:create_file_with_runtime_dependencies(/home/ubuntu/Desktop/ros2_ws/install/submarine_description/share/colcon-core/packages/submarine_description)
[0.521s] Level 1:colcon.colcon_core.environment:create_environment_scripts_only(submarine_description)
[0.522s] Level 1:colcon.colcon_core.environment:checking '/home/ubuntu/Desktop/ros2_ws/install/submarine_description' for CMake module files
[0.523s] Level 1:colcon.colcon_core.environment:checking '/home/ubuntu/Desktop/ros2_ws/install/submarine_description' for CMake config files
[0.523s] Level 1:colcon.colcon_core.shell:create_environment_hook('submarine_description', 'cmake_prefix_path')
[0.524s] INFO:colcon.colcon_core.shell:Creating environment hook '/home/ubuntu/Desktop/ros2_ws/install/submarine_description/share/submarine_description/hook/cmake_prefix_path.ps1'
[0.525s] INFO:colcon.colcon_core.shell:Creating environment descriptor '/home/ubuntu/Desktop/ros2_ws/install/submarine_description/share/submarine_description/hook/cmake_prefix_path.dsv'
[0.525s] INFO:colcon.colcon_core.shell:Creating environment hook '/home/ubuntu/Desktop/ros2_ws/install/submarine_description/share/submarine_description/hook/cmake_prefix_path.sh'
[0.526s] Level 1:colcon.colcon_core.environment:checking '/home/ubuntu/Desktop/ros2_ws/install/submarine_description/bin'
[0.526s] Level 1:colcon.colcon_core.environment:checking '/home/ubuntu/Desktop/ros2_ws/install/submarine_description/lib/pkgconfig/submarine_description.pc'
[0.527s] Level 1:colcon.colcon_core.environment:checking '/home/ubuntu/Desktop/ros2_ws/install/submarine_description/lib/python3.10/site-packages'
[0.527s] Level 1:colcon.colcon_core.environment:checking '/home/ubuntu/Desktop/ros2_ws/install/submarine_description/bin'
[0.528s] INFO:colcon.colcon_core.shell:Creating package script '/home/ubuntu/Desktop/ros2_ws/install/submarine_description/share/submarine_description/package.ps1'
[0.529s] INFO:colcon.colcon_core.shell:Creating package descriptor '/home/ubuntu/Desktop/ros2_ws/install/submarine_description/share/submarine_description/package.dsv'
[0.530s] INFO:colcon.colcon_core.shell:Creating package script '/home/ubuntu/Desktop/ros2_ws/install/submarine_description/share/submarine_description/package.sh'
[0.531s] INFO:colcon.colcon_core.shell:Creating package script '/home/ubuntu/Desktop/ros2_ws/install/submarine_description/share/submarine_description/package.bash'
[0.532s] INFO:colcon.colcon_core.shell:Creating package script '/home/ubuntu/Desktop/ros2_ws/install/submarine_description/share/submarine_description/package.zsh'
[0.532s] Level 1:colcon.colcon_core.environment:create_file_with_runtime_dependencies(/home/ubuntu/Desktop/ros2_ws/install/submarine_description/share/colcon-core/packages/submarine_description)
[0.533s] INFO:colcon.colcon_ros.task.ament_cmake.build:Building ROS package in '/home/ubuntu/Desktop/ros2_ws/src/submarine_bringup' with build type 'ament_cmake'
[0.533s] INFO:colcon.colcon_cmake.task.cmake.build:Building CMake package in '/home/ubuntu/Desktop/ros2_ws/src/submarine_bringup'
[0.534s] INFO:colcon.colcon_core.shell:Skip shell extension 'powershell' for command environment: Not usable outside of PowerShell
[0.534s] DEBUG:colcon.colcon_core.shell:Skip shell extension 'dsv' for command environment
[0.553s] DEBUG:colcon.colcon_core.event_handler.log_command:Invoking command in '/home/ubuntu/Desktop/ros2_ws/build/submarine_bringup': CMAKE_PREFIX_PATH=/home/ubuntu/Desktop/ros2_ws/install/submarine_description:/home/ubuntu/Desktop/ros2_ws/install/submarine_bringup:/opt/ros/humble /usr/bin/cmake --build /home/ubuntu/Desktop/ros2_ws/build/submarine_bringup -- -j12 -l12
[0.962s] DEBUG:colcon.colcon_core.event_handler.log_command:Invoked command in '/home/ubuntu/Desktop/ros2_ws/build/submarine_bringup' returned '0': CMAKE_PREFIX_PATH=/home/ubuntu/Desktop/ros2_ws/install/submarine_description:/home/ubuntu/Desktop/ros2_ws/install/submarine_bringup:/opt/ros/humble /usr/bin/cmake --build /home/ubuntu/Desktop/ros2_ws/build/submarine_bringup -- -j12 -l12
[1.007s] DEBUG:colcon.colcon_core.event_handler.log_command:Invoking command in '/home/ubuntu/Desktop/ros2_ws/build/submarine_bringup': CMAKE_PREFIX_PATH=/home/ubuntu/Desktop/ros2_ws/install/submarine_description:/home/ubuntu/Desktop/ros2_ws/install/submarine_bringup:/opt/ros/humble /usr/bin/cmake --install /home/ubuntu/Desktop/ros2_ws/build/submarine_bringup
[1.068s] Level 1:colcon.colcon_core.environment:create_environment_scripts_only(submarine_bringup)
[1.068s] Level 1:colcon.colcon_core.environment:checking '/home/ubuntu/Desktop/ros2_ws/install/submarine_bringup' for CMake module files
[1.070s] DEBUG:colcon.colcon_core.event_handler.log_command:Invoked command in '/home/ubuntu/Desktop/ros2_ws/build/submarine_bringup' returned '0': CMAKE_PREFIX_PATH=/home/ubuntu/Desktop/ros2_ws/install/submarine_description:/home/ubuntu/Desktop/ros2_ws/install/submarine_bringup:/opt/ros/humble /usr/bin/cmake --install /home/ubuntu/Desktop/ros2_ws/build/submarine_bringup
[1.070s] Level 1:colcon.colcon_core.environment:checking '/home/ubuntu/Desktop/ros2_ws/install/submarine_bringup' for CMake config files
[1.071s] Level 1:colcon.colcon_core.shell:create_environment_hook('submarine_bringup', 'cmake_prefix_path')
[1.072s] INFO:colcon.colcon_core.shell:Creating environment hook '/home/ubuntu/Desktop/ros2_ws/install/submarine_bringup/share/submarine_bringup/hook/cmake_prefix_path.ps1'
[1.072s] INFO:colcon.colcon_core.shell:Creating environment descriptor '/home/ubuntu/Desktop/ros2_ws/install/submarine_bringup/share/submarine_bringup/hook/cmake_prefix_path.dsv'
[1.073s] INFO:colcon.colcon_core.shell:Creating environment hook '/home/ubuntu/Desktop/ros2_ws/install/submarine_bringup/share/submarine_bringup/hook/cmake_prefix_path.sh'
[1.075s] Level 1:colcon.colcon_core.environment:checking '/home/ubuntu/Desktop/ros2_ws/install/submarine_bringup/bin'
[1.075s] Level 1:colcon.colcon_core.environment:checking '/home/ubuntu/Desktop/ros2_ws/install/submarine_bringup/lib/pkgconfig/submarine_bringup.pc'
[1.075s] Level 1:colcon.colcon_core.environment:checking '/home/ubuntu/Desktop/ros2_ws/install/submarine_bringup/lib/python3.10/site-packages'
[1.076s] Level 1:colcon.colcon_core.environment:checking '/home/ubuntu/Desktop/ros2_ws/install/submarine_bringup/bin'
[1.076s] INFO:colcon.colcon_core.shell:Creating package script '/home/ubuntu/Desktop/ros2_ws/install/submarine_bringup/share/submarine_bringup/package.ps1'
[1.077s] INFO:colcon.colcon_core.shell:Creating package descriptor '/home/ubuntu/Desktop/ros2_ws/install/submarine_bringup/share/submarine_bringup/package.dsv'
[1.078s] INFO:colcon.colcon_core.shell:Creating package script '/home/ubuntu/Desktop/ros2_ws/install/submarine_bringup/share/submarine_bringup/package.sh'
[1.079s] INFO:colcon.colcon_core.shell:Creating package script '/home/ubuntu/Desktop/ros2_ws/install/submarine_bringup/share/submarine_bringup/package.bash'
[1.079s] INFO:colcon.colcon_core.shell:Creating package script '/home/ubuntu/Desktop/ros2_ws/install/submarine_bringup/share/submarine_bringup/package.zsh'
[1.080s] Level 1:colcon.colcon_core.environment:create_file_with_runtime_dependencies(/home/ubuntu/Desktop/ros2_ws/install/submarine_bringup/share/colcon-core/packages/submarine_bringup)
[1.131s] Level 1:colcon.colcon_core.environment:create_environment_scripts_only(submarine_bringup)
[1.132s] Level 1:colcon.colcon_core.environment:checking '/home/ubuntu/Desktop/ros2_ws/install/submarine_bringup' for CMake module files
[1.133s] Level 1:colcon.colcon_core.environment:checking '/home/ubuntu/Desktop/ros2_ws/install/submarine_bringup' for CMake config files
[1.133s] Level 1:colcon.colcon_core.shell:create_environment_hook('submarine_bringup', 'cmake_prefix_path')
[1.134s] INFO:colcon.colcon_core.shell:Creating environment hook '/home/ubuntu/Desktop/ros2_ws/install/submarine_bringup/share/submarine_bringup/hook/cmake_prefix_path.ps1'
[1.135s] INFO:colcon.colcon_core.shell:Creating environment descriptor '/home/ubuntu/Desktop/ros2_ws/install/submarine_bringup/share/submarine_bringup/hook/cmake_prefix_path.dsv'
[1.136s] INFO:colcon.colcon_core.shell:Creating environment hook '/home/ubuntu/Desktop/ros2_ws/install/submarine_bringup/share/submarine_bringup/hook/cmake_prefix_path.sh'
[1.137s] Level 1:colcon.colcon_core.environment:checking '/home/ubuntu/Desktop/ros2_ws/install/submarine_bringup/bin'
[1.137s] Level 1:colcon.colcon_core.environment:checking '/home/ubuntu/Desktop/ros2_ws/install/submarine_bringup/lib/pkgconfig/submarine_bringup.pc'
[1.138s] Level 1:colcon.colcon_core.environment:checking '/home/ubuntu/Desktop/ros2_ws/install/submarine_bringup/lib/python3.10/site-packages'
[1.138s] Level 1:colcon.colcon_core.environment:checking '/home/ubuntu/Desktop/ros2_ws/install/submarine_bringup/bin'
[1.139s] INFO:colcon.colcon_core.shell:Creating package script '/home/ubuntu/Desktop/ros2_ws/install/submarine_bringup/share/submarine_bringup/package.ps1'
[1.140s] INFO:colcon.colcon_core.shell:Creating package descriptor '/home/ubuntu/Desktop/ros2_ws/install/submarine_bringup/share/submarine_bringup/package.dsv'
[1.142s] INFO:colcon.colcon_core.shell:Creating package script '/home/ubuntu/Desktop/ros2_ws/install/submarine_bringup/share/submarine_bringup/package.sh'
[1.143s] INFO:colcon.colcon_core.shell:Creating package script '/home/ubuntu/Desktop/ros2_ws/install/submarine_bringup/share/submarine_bringup/package.bash'
[1.144s] INFO:colcon.colcon_core.shell:Creating package script '/home/ubuntu/Desktop/ros2_ws/install/submarine_bringup/share/submarine_bringup/package.zsh'
[1.144s] Level 1:colcon.colcon_core.environment:create_file_with_runtime_dependencies(/home/ubuntu/Desktop/ros2_ws/install/submarine_bringup/share/colcon-core/packages/submarine_bringup)
[1.145s] DEBUG:colcon.colcon_parallel_executor.executor.parallel:closing loop
[1.145s] DEBUG:colcon.colcon_parallel_executor.executor.parallel:loop closed
[1.146s] DEBUG:colcon.colcon_parallel_executor.executor.parallel:run_until_complete finished with '0'
[1.146s] DEBUG:colcon.colcon_core.event_reactor:joining thread
[1.155s] INFO:colcon.colcon_core.plugin_system:Skipping extension 'colcon_notification.desktop_notification.terminal_notifier': Not used on non-Darwin systems
[1.155s] INFO:colcon.colcon_core.plugin_system:Skipping extension 'colcon_notification.desktop_notification.win32': Not used on non-Windows systems
[1.155s] INFO:colcon.colcon_notification.desktop_notification:Sending desktop notification using 'notify2'
[1.178s] DEBUG:colcon.colcon_core.event_reactor:joined thread
[1.179s] INFO:colcon.colcon_core.shell:Creating prefix script '/home/ubuntu/Desktop/ros2_ws/install/local_setup.ps1'
[1.180s] INFO:colcon.colcon_core.shell:Creating prefix util module '/home/ubuntu/Desktop/ros2_ws/install/_local_setup_util_ps1.py'
[1.183s] INFO:colcon.colcon_core.shell:Creating prefix chain script '/home/ubuntu/Desktop/ros2_ws/install/setup.ps1'
[1.185s] INFO:colcon.colcon_core.shell:Creating prefix script '/home/ubuntu/Desktop/ros2_ws/install/local_setup.sh'
[1.187s] INFO:colcon.colcon_core.shell:Creating prefix util module '/home/ubuntu/Desktop/ros2_ws/install/_local_setup_util_sh.py'
[1.188s] INFO:colcon.colcon_core.shell:Creating prefix chain script '/home/ubuntu/Desktop/ros2_ws/install/setup.sh'
[1.190s] INFO:colcon.colcon_core.shell:Creating prefix script '/home/ubuntu/Desktop/ros2_ws/install/local_setup.bash'
[1.191s] INFO:colcon.colcon_core.shell:Creating prefix chain script '/home/ubuntu/Desktop/ros2_ws/install/setup.bash'
[1.192s] INFO:colcon.colcon_core.shell:Creating prefix script '/home/ubuntu/Desktop/ros2_ws/install/local_setup.zsh'
[1.193s] INFO:colcon.colcon_core.shell:Creating prefix chain script '/home/ubuntu/Desktop/ros2_ws/install/setup.zsh'
