[0.016s] Invoking command in '/home/ubuntu/Desktop/ros2_ws/build/submarine_description': CMAKE_PREFIX_PATH=/opt/ros/humble /usr/bin/cmake --build /home/ubuntu/Desktop/ros2_ws/build/submarine_description -- -j12 -l12
[0.045s] -- Found ament_cmake: 1.3.9 (/opt/ros/humble/share/ament_cmake/cmake)
[0.227s] -- Override CMake install command with custom implementation using symlinks instead of copying resources
[0.328s] -- Configuring done
[0.331s] -- Generating done
[0.332s] -- Build files have been written to: /home/ubuntu/Desktop/ros2_ws/build/submarine_description
[0.367s] Invoked command in '/home/ubuntu/Desktop/ros2_ws/build/submarine_description' returned '0': CMAKE_PREFIX_PATH=/opt/ros/humble /usr/bin/cmake --build /home/ubuntu/Desktop/ros2_ws/build/submarine_description -- -j12 -l12
[0.412s] Invoking command in '/home/ubuntu/Desktop/ros2_ws/build/submarine_description': CMAKE_PREFIX_PATH=/opt/ros/humble /usr/bin/cmake --install /home/ubuntu/Desktop/ros2_ws/build/submarine_description
[0.420s] -- Install configuration: ""
[0.420s] -- Execute custom install script
[0.421s] -- Up-to-date symlink: /home/ubuntu/Desktop/ros2_ws/install/submarine_description/share/submarine_description//urdf/submarine.urdf
[0.421s] -- Up-to-date symlink: /home/ubuntu/Desktop/ros2_ws/install/submarine_description/share/submarine_description//launch/display.launch.xml
[0.421s] -- Up-to-date symlink: /home/ubuntu/Desktop/ros2_ws/install/submarine_description/share/submarine_description//rviz/urdf_config.rviz
[0.421s] -- Up-to-date symlink: /home/ubuntu/Desktop/ros2_ws/install/submarine_description/share/ament_index/resource_index/package_run_dependencies/submarine_description
[0.422s] -- Up-to-date symlink: /home/ubuntu/Desktop/ros2_ws/install/submarine_description/share/ament_index/resource_index/parent_prefix_path/submarine_description
[0.422s] -- Up-to-date symlink: /home/ubuntu/Desktop/ros2_ws/install/submarine_description/share/submarine_description/environment/ament_prefix_path.sh
[0.422s] -- Up-to-date symlink: /home/ubuntu/Desktop/ros2_ws/install/submarine_description/share/submarine_description/environment/ament_prefix_path.dsv
[0.422s] -- Up-to-date symlink: /home/ubuntu/Desktop/ros2_ws/install/submarine_description/share/submarine_description/environment/path.sh
[0.422s] -- Up-to-date symlink: /home/ubuntu/Desktop/ros2_ws/install/submarine_description/share/submarine_description/environment/path.dsv
[0.422s] -- Up-to-date symlink: /home/ubuntu/Desktop/ros2_ws/install/submarine_description/share/submarine_description/local_setup.bash
[0.422s] -- Up-to-date symlink: /home/ubuntu/Desktop/ros2_ws/install/submarine_description/share/submarine_description/local_setup.sh
[0.422s] -- Up-to-date symlink: /home/ubuntu/Desktop/ros2_ws/install/submarine_description/share/submarine_description/local_setup.zsh
[0.422s] -- Up-to-date symlink: /home/ubuntu/Desktop/ros2_ws/install/submarine_description/share/submarine_description/local_setup.dsv
[0.422s] -- Symlinking: /home/ubuntu/Desktop/ros2_ws/install/submarine_description/share/submarine_description/package.dsv
[0.433s] -- Up-to-date symlink: /home/ubuntu/Desktop/ros2_ws/install/submarine_description/share/ament_index/resource_index/packages/submarine_description
[0.433s] -- Up-to-date symlink: /home/ubuntu/Desktop/ros2_ws/install/submarine_description/share/submarine_description/cmake/submarine_descriptionConfig.cmake
[0.434s] -- Up-to-date symlink: /home/ubuntu/Desktop/ros2_ws/install/submarine_description/share/submarine_description/cmake/submarine_descriptionConfig-version.cmake
[0.434s] -- Up-to-date symlink: /home/ubuntu/Desktop/ros2_ws/install/submarine_description/share/submarine_description/package.xml
[0.437s] Invoked command in '/home/ubuntu/Desktop/ros2_ws/build/submarine_description' returned '0': CMAKE_PREFIX_PATH=/opt/ros/humble /usr/bin/cmake --install /home/ubuntu/Desktop/ros2_ws/build/submarine_description
