[0.015s] Invoking command in '/home/ubuntu/Desktop/ros2_ws/build/submarine_description': CMAKE_PREFIX_PATH=/opt/ros/humble /usr/bin/cmake /home/ubuntu/Desktop/ros2_ws/src/submarine_description -DAMENT_CMAKE_SYMLINK_INSTALL=1 -DCMAKE_INSTALL_PREFIX=/home/ubuntu/Desktop/ros2_ws/install/submarine_description
[0.043s] -- Found ament_cmake: 1.3.9 (/opt/ros/humble/share/ament_cmake/cmake)
[0.165s] -- Override CMake install command with custom implementation using symlinks instead of copying resources
[0.233s] -- Configuring done
[0.235s] -- Generating done
[0.236s] -- Build files have been written to: /home/ubuntu/Desktop/ros2_ws/build/submarine_description
[0.240s] Invoked command in '/home/ubuntu/Desktop/ros2_ws/build/submarine_description' returned '0': CMAKE_PREFIX_PATH=/opt/ros/humble /usr/bin/cmake /home/ubuntu/Desktop/ros2_ws/src/submarine_description -DAMENT_CMAKE_SYMLINK_INSTALL=1 -DCMAKE_INSTALL_PREFIX=/home/ubuntu/Desktop/ros2_ws/install/submarine_description
[0.244s] Invoking command in '/home/ubuntu/Desktop/ros2_ws/build/submarine_description': CMAKE_PREFIX_PATH=/opt/ros/humble /usr/bin/cmake --build /home/ubuntu/Desktop/ros2_ws/build/submarine_description -- -j12 -l12
[0.284s] Invoked command in '/home/ubuntu/Desktop/ros2_ws/build/submarine_description' returned '0': CMAKE_PREFIX_PATH=/opt/ros/humble /usr/bin/cmake --build /home/ubuntu/Desktop/ros2_ws/build/submarine_description -- -j12 -l12
[0.348s] Invoking command in '/home/ubuntu/Desktop/ros2_ws/build/submarine_description': CMAKE_PREFIX_PATH=/opt/ros/humble /usr/bin/cmake --install /home/ubuntu/Desktop/ros2_ws/build/submarine_description
[0.355s] -- Install configuration: ""
[0.356s] -- Execute custom install script
[0.356s] -- Symlinking: /home/ubuntu/Desktop/ros2_ws/install/submarine_description/share/submarine_description/urdf/submarine.urdf
[0.378s] -- Symlinking: /home/ubuntu/Desktop/ros2_ws/install/submarine_description/share/submarine_description/launch/display.launch.xml
[0.400s] -- Symlinking: /home/ubuntu/Desktop/ros2_ws/install/submarine_description/share/ament_index/resource_index/package_run_dependencies/submarine_description
[0.420s] -- Symlinking: /home/ubuntu/Desktop/ros2_ws/install/submarine_description/share/ament_index/resource_index/parent_prefix_path/submarine_description
[0.442s] -- Symlinking: /home/ubuntu/Desktop/ros2_ws/install/submarine_description/share/submarine_description/environment/ament_prefix_path.sh
[0.465s] -- Symlinking: /home/ubuntu/Desktop/ros2_ws/install/submarine_description/share/submarine_description/environment/ament_prefix_path.dsv
[0.487s] -- Symlinking: /home/ubuntu/Desktop/ros2_ws/install/submarine_description/share/submarine_description/environment/path.sh
[0.509s] -- Symlinking: /home/ubuntu/Desktop/ros2_ws/install/submarine_description/share/submarine_description/environment/path.dsv
[0.528s] -- Symlinking: /home/ubuntu/Desktop/ros2_ws/install/submarine_description/share/submarine_description/local_setup.bash
[0.551s] -- Symlinking: /home/ubuntu/Desktop/ros2_ws/install/submarine_description/share/submarine_description/local_setup.sh
[0.571s] -- Symlinking: /home/ubuntu/Desktop/ros2_ws/install/submarine_description/share/submarine_description/local_setup.zsh
[0.592s] -- Symlinking: /home/ubuntu/Desktop/ros2_ws/install/submarine_description/share/submarine_description/local_setup.dsv
[0.614s] -- Symlinking: /home/ubuntu/Desktop/ros2_ws/install/submarine_description/share/submarine_description/package.dsv
[0.632s] -- Symlinking: /home/ubuntu/Desktop/ros2_ws/install/submarine_description/share/ament_index/resource_index/packages/submarine_description
[0.642s] -- Symlinking: /home/ubuntu/Desktop/ros2_ws/install/submarine_description/share/submarine_description/cmake/submarine_descriptionConfig.cmake
[0.651s] -- Symlinking: /home/ubuntu/Desktop/ros2_ws/install/submarine_description/share/submarine_description/cmake/submarine_descriptionConfig-version.cmake
[0.661s] -- Symlinking: /home/ubuntu/Desktop/ros2_ws/install/submarine_description/share/submarine_description/package.xml
[0.682s] Invoked command in '/home/ubuntu/Desktop/ros2_ws/build/submarine_description' returned '0': CMAKE_PREFIX_PATH=/opt/ros/humble /usr/bin/cmake --install /home/ubuntu/Desktop/ros2_ws/build/submarine_description
