[0.014s] Invoking command in '/home/ubuntu/Desktop/ros2_ws/build/submarine_description': CMAKE_PREFIX_PATH=/opt/ros/humble /usr/bin/cmake --build /home/ubuntu/Desktop/ros2_ws/build/submarine_description -- -j12 -l12
[0.052s] -- Found ament_cmake: 1.3.9 (/opt/ros/humble/share/ament_cmake/cmake)
[0.157s] -- Override CMake install command with custom implementation using symlinks instead of copying resources
[0.226s] -- Configuring done
[0.233s] -- Generating done
[0.237s] -- Build files have been written to: /home/ubuntu/Desktop/ros2_ws/build/submarine_description
[0.286s] Invoked command in '/home/ubuntu/Desktop/ros2_ws/build/submarine_description' returned '0': CMAKE_PREFIX_PATH=/opt/ros/humble /usr/bin/cmake --build /home/ubuntu/Desktop/ros2_ws/build/submarine_description -- -j12 -l12
[0.333s] Invoking command in '/home/ubuntu/Desktop/ros2_ws/build/submarine_description': CMAKE_PREFIX_PATH=/opt/ros/humble /usr/bin/cmake --install /home/ubuntu/Desktop/ros2_ws/build/submarine_description
[0.340s] -- Install configuration: ""
[0.341s] -- Execute custom install script
[0.341s] -- Symlinking: /home/ubuntu/Desktop/ros2_ws/install/submarine_description/share/submarine_description/urdf/common_properties_1.xacro
[0.351s] -- Symlinking: /home/ubuntu/Desktop/ros2_ws/install/submarine_description/share/submarine_description/urdf/my_robot_1.urdf.xacro
[0.373s] -- Symlinking: /home/ubuntu/Desktop/ros2_ws/install/submarine_description/share/submarine_description/urdf/submarine.xacro
[0.395s] -- Up-to-date symlink: /home/ubuntu/Desktop/ros2_ws/install/submarine_description/share/submarine_description/launch/display.launch.xml
[0.396s] -- Up-to-date symlink: /home/ubuntu/Desktop/ros2_ws/install/submarine_description/share/ament_index/resource_index/package_run_dependencies/submarine_description
[0.396s] -- Up-to-date symlink: /home/ubuntu/Desktop/ros2_ws/install/submarine_description/share/ament_index/resource_index/parent_prefix_path/submarine_description
[0.396s] -- Up-to-date symlink: /home/ubuntu/Desktop/ros2_ws/install/submarine_description/share/submarine_description/environment/ament_prefix_path.sh
[0.396s] -- Up-to-date symlink: /home/ubuntu/Desktop/ros2_ws/install/submarine_description/share/submarine_description/environment/ament_prefix_path.dsv
[0.396s] -- Up-to-date symlink: /home/ubuntu/Desktop/ros2_ws/install/submarine_description/share/submarine_description/environment/path.sh
[0.397s] -- Up-to-date symlink: /home/ubuntu/Desktop/ros2_ws/install/submarine_description/share/submarine_description/environment/path.dsv
[0.397s] -- Up-to-date symlink: /home/ubuntu/Desktop/ros2_ws/install/submarine_description/share/submarine_description/local_setup.bash
[0.397s] -- Up-to-date symlink: /home/ubuntu/Desktop/ros2_ws/install/submarine_description/share/submarine_description/local_setup.sh
[0.397s] -- Up-to-date symlink: /home/ubuntu/Desktop/ros2_ws/install/submarine_description/share/submarine_description/local_setup.zsh
[0.397s] -- Up-to-date symlink: /home/ubuntu/Desktop/ros2_ws/install/submarine_description/share/submarine_description/local_setup.dsv
[0.397s] -- Symlinking: /home/ubuntu/Desktop/ros2_ws/install/submarine_description/share/submarine_description/package.dsv
[0.420s] -- Up-to-date symlink: /home/ubuntu/Desktop/ros2_ws/install/submarine_description/share/ament_index/resource_index/packages/submarine_description
[0.420s] -- Up-to-date symlink: /home/ubuntu/Desktop/ros2_ws/install/submarine_description/share/submarine_description/cmake/submarine_descriptionConfig.cmake
[0.420s] -- Up-to-date symlink: /home/ubuntu/Desktop/ros2_ws/install/submarine_description/share/submarine_description/cmake/submarine_descriptionConfig-version.cmake
[0.420s] -- Up-to-date symlink: /home/ubuntu/Desktop/ros2_ws/install/submarine_description/share/submarine_description/package.xml
[0.423s] Invoked command in '/home/ubuntu/Desktop/ros2_ws/build/submarine_description' returned '0': CMAKE_PREFIX_PATH=/opt/ros/humble /usr/bin/cmake --install /home/ubuntu/Desktop/ros2_ws/build/submarine_description
