[0.015s] Invoking command in '/home/ubuntu/Desktop/ros2_ws/build/submarine_description': CMAKE_PREFIX_PATH=/opt/ros/humble /usr/bin/cmake --build /home/ubuntu/Desktop/ros2_ws/build/submarine_description -- -j12 -l12
[0.117s] Invoked command in '/home/ubuntu/Desktop/ros2_ws/build/submarine_description' returned '0': CMAKE_PREFIX_PATH=/opt/ros/humble /usr/bin/cmake --build /home/ubuntu/Desktop/ros2_ws/build/submarine_description -- -j12 -l12
[0.182s] Invoking command in '/home/ubuntu/Desktop/ros2_ws/build/submarine_description': CMAKE_PREFIX_PATH=/opt/ros/humble /usr/bin/cmake --install /home/ubuntu/Desktop/ros2_ws/build/submarine_description
[0.191s] -- Install configuration: ""
[0.191s] -- Execute custom install script
[0.192s] -- Up-to-date symlink: /home/ubuntu/Desktop/ros2_ws/install/submarine_description/share/submarine_description/urdf/common_properties_1.xacro
[0.192s] -- Up-to-date symlink: /home/ubuntu/Desktop/ros2_ws/install/submarine_description/share/submarine_description/urdf/my_robot_1.urdf.xacro
[0.192s] -- Up-to-date symlink: /home/ubuntu/Desktop/ros2_ws/install/submarine_description/share/submarine_description/urdf/submarine.xacro
[0.192s] -- Up-to-date symlink: /home/ubuntu/Desktop/ros2_ws/install/submarine_description/share/submarine_description/launch/display.launch.xml
[0.193s] -- Up-to-date symlink: /home/ubuntu/Desktop/ros2_ws/install/submarine_description/share/submarine_description/rviz/urdf_config.rviz
[0.193s] -- Up-to-date symlink: /home/ubuntu/Desktop/ros2_ws/install/submarine_description/share/ament_index/resource_index/package_run_dependencies/submarine_description
[0.193s] -- Up-to-date symlink: /home/ubuntu/Desktop/ros2_ws/install/submarine_description/share/ament_index/resource_index/parent_prefix_path/submarine_description
[0.193s] -- Up-to-date symlink: /home/ubuntu/Desktop/ros2_ws/install/submarine_description/share/submarine_description/environment/ament_prefix_path.sh
[0.193s] -- Up-to-date symlink: /home/ubuntu/Desktop/ros2_ws/install/submarine_description/share/submarine_description/environment/ament_prefix_path.dsv
[0.193s] -- Up-to-date symlink: /home/ubuntu/Desktop/ros2_ws/install/submarine_description/share/submarine_description/environment/path.sh
[0.194s] -- Up-to-date symlink: /home/ubuntu/Desktop/ros2_ws/install/submarine_description/share/submarine_description/environment/path.dsv
[0.194s] -- Up-to-date symlink: /home/ubuntu/Desktop/ros2_ws/install/submarine_description/share/submarine_description/local_setup.bash
[0.194s] -- Up-to-date symlink: /home/ubuntu/Desktop/ros2_ws/install/submarine_description/share/submarine_description/local_setup.sh
[0.194s] -- Up-to-date symlink: /home/ubuntu/Desktop/ros2_ws/install/submarine_description/share/submarine_description/local_setup.zsh
[0.194s] -- Up-to-date symlink: /home/ubuntu/Desktop/ros2_ws/install/submarine_description/share/submarine_description/local_setup.dsv
[0.194s] -- Symlinking: /home/ubuntu/Desktop/ros2_ws/install/submarine_description/share/submarine_description/package.dsv
[0.205s] -- Up-to-date symlink: /home/ubuntu/Desktop/ros2_ws/install/submarine_description/share/ament_index/resource_index/packages/submarine_description
[0.206s] -- Up-to-date symlink: /home/ubuntu/Desktop/ros2_ws/install/submarine_description/share/submarine_description/cmake/submarine_descriptionConfig.cmake
[0.206s] -- Up-to-date symlink: /home/ubuntu/Desktop/ros2_ws/install/submarine_description/share/submarine_description/cmake/submarine_descriptionConfig-version.cmake
[0.206s] -- Up-to-date symlink: /home/ubuntu/Desktop/ros2_ws/install/submarine_description/share/submarine_description/package.xml
[0.210s] Invoked command in '/home/ubuntu/Desktop/ros2_ws/build/submarine_description' returned '0': CMAKE_PREFIX_PATH=/opt/ros/humble /usr/bin/cmake --install /home/ubuntu/Desktop/ros2_ws/build/submarine_description
