[0.014s] Invoking command in '/home/ubuntu/Desktop/ros2_ws/build/submarine_description': CMAKE_PREFIX_PATH=/opt/ros/humble /usr/bin/cmake /home/ubuntu/Desktop/ros2_ws/src/submarine_description -DCMAKE_INSTALL_PREFIX=/home/ubuntu/Desktop/ros2_ws/install/submarine_description
[0.045s] -- Found ament_cmake: 1.3.9 (/opt/ros/humble/share/ament_cmake/cmake)
[0.163s] -- Override CMake install command with custom implementation using symlinks instead of copying resources
[0.260s] -- Configuring done
[0.265s] -- Generating done
[0.266s] -- Build files have been written to: /home/ubuntu/Desktop/ros2_ws/build/submarine_description
[0.269s] Invoked command in '/home/ubuntu/Desktop/ros2_ws/build/submarine_description' returned '0': CMAKE_PREFIX_PATH=/opt/ros/humble /usr/bin/cmake /home/ubuntu/Desktop/ros2_ws/src/submarine_description -DCMAKE_INSTALL_PREFIX=/home/ubuntu/Desktop/ros2_ws/install/submarine_description
[0.272s] Invoking command in '/home/ubuntu/Desktop/ros2_ws/build/submarine_description': CMAKE_PREFIX_PATH=/opt/ros/humble /usr/bin/cmake --build /home/ubuntu/Desktop/ros2_ws/build/submarine_description -- -j12 -l12
[0.327s] Invoked command in '/home/ubuntu/Desktop/ros2_ws/build/submarine_description' returned '0': CMAKE_PREFIX_PATH=/opt/ros/humble /usr/bin/cmake --build /home/ubuntu/Desktop/ros2_ws/build/submarine_description -- -j12 -l12
[0.398s] Invoking command in '/home/ubuntu/Desktop/ros2_ws/build/submarine_description': CMAKE_PREFIX_PATH=/opt/ros/humble /usr/bin/cmake --install /home/ubuntu/Desktop/ros2_ws/build/submarine_description
[0.409s] -- Install configuration: ""
[0.409s] -- Execute custom install script
[0.410s] -- Up-to-date symlink: /home/ubuntu/Desktop/ros2_ws/install/submarine_description/share/submarine_description//urdf/submarine.urdf
[0.410s] -- Up-to-date symlink: /home/ubuntu/Desktop/ros2_ws/install/submarine_description/share/submarine_description//launch/display.launch.xml
[0.410s] [31mCMake Error at ament_cmake_symlink_install/ament_cmake_symlink_install.cmake:100 (message):
[0.410s]   ament_cmake_symlink_install_directory() can't find
[0.410s]   '/home/ubuntu/Desktop/ros2_ws/src/submarine_description/rviz'
[0.410s] Call Stack (most recent call first):
[0.410s]   ament_cmake_symlink_install/ament_cmake_symlink_install.cmake:314 (ament_cmake_symlink_install_directory)
[0.410s]   cmake_install.cmake:46 (include)
[0.410s] 
[0.410s] [0m
[0.412s] Invoked command in '/home/ubuntu/Desktop/ros2_ws/build/submarine_description' returned '1': CMAKE_PREFIX_PATH=/opt/ros/humble /usr/bin/cmake --install /home/ubuntu/Desktop/ros2_ws/build/submarine_description
