[0.015s] Invoking command in '/home/ubuntu/Desktop/ros2_ws/build/submarine_bringup': AMENT_PREFIX_PATH=/home/ubuntu/Desktop/ros2_ws/install/submarine_description:${AMENT_PREFIX_PATH} CMAKE_PREFIX_PATH=/home/ubuntu/Desktop/ros2_ws/install/submarine_description:/opt/ros/humble /usr/bin/cmake /home/ubuntu/Desktop/ros2_ws/src/submarine_bringup -DAMENT_CMAKE_SYMLINK_INSTALL=1 -DCMAKE_INSTALL_PREFIX=/home/ubuntu/Desktop/ros2_ws/install/submarine_bringup
[0.152s] -- The C compiler identification is GNU 11.4.0
[0.238s] -- The CXX compiler identification is GNU 11.4.0
[0.254s] -- Detecting C compiler ABI info
[0.407s] -- Detecting C compiler ABI info - done
[0.425s] -- Check for working C compiler: /usr/bin/cc - skipped
[0.433s] -- Detecting C compile features
[0.434s] -- Detecting C compile features - done
[0.441s] -- Detecting CXX compiler ABI info
[0.595s] -- Detecting CXX compiler ABI info - done
[0.603s] -- Check for working CXX compiler: /usr/bin/c++ - skipped
[0.603s] -- Detecting CXX compile features
[0.603s] -- Detecting CXX compile features - done
[0.607s] -- Found ament_cmake: 1.3.9 (/opt/ros/humble/share/ament_cmake/cmake)
[0.870s] -- Found Python3: /usr/bin/python3 (found version "3.10.12") found components: Interpreter 
[0.951s] -- Override CMake install command with custom implementation using symlinks instead of copying resources
[1.115s] -- Configuring done
[1.122s] -- Generating done
[1.124s] -- Build files have been written to: /home/ubuntu/Desktop/ros2_ws/build/submarine_bringup
[1.133s] Invoked command in '/home/ubuntu/Desktop/ros2_ws/build/submarine_bringup' returned '0': AMENT_PREFIX_PATH=/home/ubuntu/Desktop/ros2_ws/install/submarine_description:${AMENT_PREFIX_PATH} CMAKE_PREFIX_PATH=/home/ubuntu/Desktop/ros2_ws/install/submarine_description:/opt/ros/humble /usr/bin/cmake /home/ubuntu/Desktop/ros2_ws/src/submarine_bringup -DAMENT_CMAKE_SYMLINK_INSTALL=1 -DCMAKE_INSTALL_PREFIX=/home/ubuntu/Desktop/ros2_ws/install/submarine_bringup
[1.135s] Invoking command in '/home/ubuntu/Desktop/ros2_ws/build/submarine_bringup': AMENT_PREFIX_PATH=/home/ubuntu/Desktop/ros2_ws/install/submarine_description:${AMENT_PREFIX_PATH} CMAKE_PREFIX_PATH=/home/ubuntu/Desktop/ros2_ws/install/submarine_description:/opt/ros/humble /usr/bin/cmake --build /home/ubuntu/Desktop/ros2_ws/build/submarine_bringup -- -j12 -l12
[1.205s] Invoked command in '/home/ubuntu/Desktop/ros2_ws/build/submarine_bringup' returned '0': AMENT_PREFIX_PATH=/home/ubuntu/Desktop/ros2_ws/install/submarine_description:${AMENT_PREFIX_PATH} CMAKE_PREFIX_PATH=/home/ubuntu/Desktop/ros2_ws/install/submarine_description:/opt/ros/humble /usr/bin/cmake --build /home/ubuntu/Desktop/ros2_ws/build/submarine_bringup -- -j12 -l12
[1.235s] Invoking command in '/home/ubuntu/Desktop/ros2_ws/build/submarine_bringup': AMENT_PREFIX_PATH=/home/ubuntu/Desktop/ros2_ws/install/submarine_description:${AMENT_PREFIX_PATH} CMAKE_PREFIX_PATH=/home/ubuntu/Desktop/ros2_ws/install/submarine_description:/opt/ros/humble /usr/bin/cmake --install /home/ubuntu/Desktop/ros2_ws/build/submarine_bringup
[1.243s] -- Install configuration: ""
[1.243s] -- Execute custom install script
[1.244s] -- Symlinking: /home/ubuntu/Desktop/ros2_ws/install/submarine_bringup/share/{PROJECT_NAME}/launch/submarine_gazebo_launch.xml
[1.264s] -- Symlinking: /home/ubuntu/Desktop/ros2_ws/install/submarine_bringup/share/ament_index/resource_index/package_run_dependencies/submarine_bringup
[1.276s] -- Symlinking: /home/ubuntu/Desktop/ros2_ws/install/submarine_bringup/share/ament_index/resource_index/parent_prefix_path/submarine_bringup
[1.287s] -- Symlinking: /home/ubuntu/Desktop/ros2_ws/install/submarine_bringup/share/submarine_bringup/environment/ament_prefix_path.sh
[1.311s] -- Symlinking: /home/ubuntu/Desktop/ros2_ws/install/submarine_bringup/share/submarine_bringup/environment/ament_prefix_path.dsv
[1.335s] -- Symlinking: /home/ubuntu/Desktop/ros2_ws/install/submarine_bringup/share/submarine_bringup/environment/path.sh
[1.364s] -- Symlinking: /home/ubuntu/Desktop/ros2_ws/install/submarine_bringup/share/submarine_bringup/environment/path.dsv
[1.382s] -- Symlinking: /home/ubuntu/Desktop/ros2_ws/install/submarine_bringup/share/submarine_bringup/local_setup.bash
[1.406s] -- Symlinking: /home/ubuntu/Desktop/ros2_ws/install/submarine_bringup/share/submarine_bringup/local_setup.sh
[1.431s] -- Symlinking: /home/ubuntu/Desktop/ros2_ws/install/submarine_bringup/share/submarine_bringup/local_setup.zsh
[1.453s] -- Symlinking: /home/ubuntu/Desktop/ros2_ws/install/submarine_bringup/share/submarine_bringup/local_setup.dsv
[1.479s] -- Symlinking: /home/ubuntu/Desktop/ros2_ws/install/submarine_bringup/share/submarine_bringup/package.dsv
[1.502s] -- Symlinking: /home/ubuntu/Desktop/ros2_ws/install/submarine_bringup/share/ament_index/resource_index/packages/submarine_bringup
[1.527s] -- Symlinking: /home/ubuntu/Desktop/ros2_ws/install/submarine_bringup/share/submarine_bringup/cmake/submarine_bringupConfig.cmake
[1.552s] -- Symlinking: /home/ubuntu/Desktop/ros2_ws/install/submarine_bringup/share/submarine_bringup/cmake/submarine_bringupConfig-version.cmake
[1.577s] -- Symlinking: /home/ubuntu/Desktop/ros2_ws/install/submarine_bringup/share/submarine_bringup/package.xml
[1.601s] Invoked command in '/home/ubuntu/Desktop/ros2_ws/build/submarine_bringup' returned '0': AMENT_PREFIX_PATH=/home/ubuntu/Desktop/ros2_ws/install/submarine_description:${AMENT_PREFIX_PATH} CMAKE_PREFIX_PATH=/home/ubuntu/Desktop/ros2_ws/install/submarine_description:/opt/ros/humble /usr/bin/cmake --install /home/ubuntu/Desktop/ros2_ws/build/submarine_bringup
