[0.011s] Invoking command in '/home/ubuntu/Desktop/ros2_ws/build/submarine_bringup': CMAKE_PREFIX_PATH=/home/ubuntu/Desktop/ros2_ws/install/submarine_description:/home/ubuntu/Desktop/ros2_ws/install/submarine_bringup:/opt/ros/humble /usr/bin/cmake --build /home/ubuntu/Desktop/ros2_ws/build/submarine_bringup -- -j12 -l12
[0.072s] Invoked command in '/home/ubuntu/Desktop/ros2_ws/build/submarine_bringup' returned '0': CMAKE_PREFIX_PATH=/home/ubuntu/Desktop/ros2_ws/install/submarine_description:/home/ubuntu/Desktop/ros2_ws/install/submarine_bringup:/opt/ros/humble /usr/bin/cmake --build /home/ubuntu/Desktop/ros2_ws/build/submarine_bringup -- -j12 -l12
[0.111s] Invoking command in '/home/ubuntu/Desktop/ros2_ws/build/submarine_bringup': CMAKE_PREFIX_PATH=/home/ubuntu/Desktop/ros2_ws/install/submarine_description:/home/ubuntu/Desktop/ros2_ws/install/submarine_bringup:/opt/ros/humble /usr/bin/cmake --install /home/ubuntu/Desktop/ros2_ws/build/submarine_bringup
[0.119s] -- Install configuration: ""
[0.119s] -- Execute custom install script
[0.120s] -- Symlinking: /home/ubuntu/Desktop/ros2_ws/install/submarine_bringup/share/{PROJECT_NAME}/launch/submarine_gazebo.launch.xml
[0.131s] -- Up-to-date symlink: /home/ubuntu/Desktop/ros2_ws/install/submarine_bringup/share/ament_index/resource_index/package_run_dependencies/submarine_bringup
[0.131s] -- Up-to-date symlink: /home/ubuntu/Desktop/ros2_ws/install/submarine_bringup/share/ament_index/resource_index/parent_prefix_path/submarine_bringup
[0.132s] -- Up-to-date symlink: /home/ubuntu/Desktop/ros2_ws/install/submarine_bringup/share/submarine_bringup/environment/ament_prefix_path.sh
[0.132s] -- Up-to-date symlink: /home/ubuntu/Desktop/ros2_ws/install/submarine_bringup/share/submarine_bringup/environment/ament_prefix_path.dsv
[0.132s] -- Up-to-date symlink: /home/ubuntu/Desktop/ros2_ws/install/submarine_bringup/share/submarine_bringup/environment/path.sh
[0.132s] -- Up-to-date symlink: /home/ubuntu/Desktop/ros2_ws/install/submarine_bringup/share/submarine_bringup/environment/path.dsv
[0.132s] -- Up-to-date symlink: /home/ubuntu/Desktop/ros2_ws/install/submarine_bringup/share/submarine_bringup/local_setup.bash
[0.132s] -- Up-to-date symlink: /home/ubuntu/Desktop/ros2_ws/install/submarine_bringup/share/submarine_bringup/local_setup.sh
[0.133s] -- Up-to-date symlink: /home/ubuntu/Desktop/ros2_ws/install/submarine_bringup/share/submarine_bringup/local_setup.zsh
[0.133s] -- Up-to-date symlink: /home/ubuntu/Desktop/ros2_ws/install/submarine_bringup/share/submarine_bringup/local_setup.dsv
[0.133s] -- Symlinking: /home/ubuntu/Desktop/ros2_ws/install/submarine_bringup/share/submarine_bringup/package.dsv
[0.143s] -- Up-to-date symlink: /home/ubuntu/Desktop/ros2_ws/install/submarine_bringup/share/ament_index/resource_index/packages/submarine_bringup
[0.144s] -- Up-to-date symlink: /home/ubuntu/Desktop/ros2_ws/install/submarine_bringup/share/submarine_bringup/cmake/submarine_bringupConfig.cmake
[0.144s] -- Up-to-date symlink: /home/ubuntu/Desktop/ros2_ws/install/submarine_bringup/share/submarine_bringup/cmake/submarine_bringupConfig-version.cmake
[0.144s] -- Up-to-date symlink: /home/ubuntu/Desktop/ros2_ws/install/submarine_bringup/share/submarine_bringup/package.xml
[0.146s] Invoked command in '/home/ubuntu/Desktop/ros2_ws/build/submarine_bringup' returned '0': CMAKE_PREFIX_PATH=/home/ubuntu/Desktop/ros2_ws/install/submarine_description:/home/ubuntu/Desktop/ros2_ws/install/submarine_bringup:/opt/ros/humble /usr/bin/cmake --install /home/ubuntu/Desktop/ros2_ws/build/submarine_bringup
