[0.007s] Invoking command in '/home/ubuntu/Desktop/ros2_ws/build/submarine_bringup': AMENT_PREFIX_PATH=/home/ubuntu/Desktop/ros2_ws/install/submarine_description:${AMENT_PREFIX_PATH} CMAKE_PREFIX_PATH=/home/ubuntu/Desktop/ros2_ws/install/submarine_description:/opt/ros/humble /usr/bin/cmake /home/ubuntu/Desktop/ros2_ws/src/submarine_bringup -DCMAKE_INSTALL_PREFIX=/home/ubuntu/Desktop/ros2_ws/install/submarine_bringup
[0.020s] -- Found ament_cmake: 1.3.9 (/opt/ros/humble/share/ament_cmake/cmake)
[0.151s] -- Override CMake install command with custom implementation using symlinks instead of copying resources
[0.228s] -- Configuring done
[0.231s] -- Generating done
[0.232s] -- Build files have been written to: /home/ubuntu/Desktop/ros2_ws/build/submarine_bringup
[0.238s] Invoked command in '/home/ubuntu/Desktop/ros2_ws/build/submarine_bringup' returned '0': AMENT_PREFIX_PATH=/home/ubuntu/Desktop/ros2_ws/install/submarine_description:${AMENT_PREFIX_PATH} CMAKE_PREFIX_PATH=/home/ubuntu/Desktop/ros2_ws/install/submarine_description:/opt/ros/humble /usr/bin/cmake /home/ubuntu/Desktop/ros2_ws/src/submarine_bringup -DCMAKE_INSTALL_PREFIX=/home/ubuntu/Desktop/ros2_ws/install/submarine_bringup
[0.241s] Invoking command in '/home/ubuntu/Desktop/ros2_ws/build/submarine_bringup': AMENT_PREFIX_PATH=/home/ubuntu/Desktop/ros2_ws/install/submarine_description:${AMENT_PREFIX_PATH} CMAKE_PREFIX_PATH=/home/ubuntu/Desktop/ros2_ws/install/submarine_description:/opt/ros/humble /usr/bin/cmake --build /home/ubuntu/Desktop/ros2_ws/build/submarine_bringup -- -j12 -l12
[0.317s] Invoked command in '/home/ubuntu/Desktop/ros2_ws/build/submarine_bringup' returned '0': AMENT_PREFIX_PATH=/home/ubuntu/Desktop/ros2_ws/install/submarine_description:${AMENT_PREFIX_PATH} CMAKE_PREFIX_PATH=/home/ubuntu/Desktop/ros2_ws/install/submarine_description:/opt/ros/humble /usr/bin/cmake --build /home/ubuntu/Desktop/ros2_ws/build/submarine_bringup -- -j12 -l12
[0.354s] Invoking command in '/home/ubuntu/Desktop/ros2_ws/build/submarine_bringup': AMENT_PREFIX_PATH=/home/ubuntu/Desktop/ros2_ws/install/submarine_description:${AMENT_PREFIX_PATH} CMAKE_PREFIX_PATH=/home/ubuntu/Desktop/ros2_ws/install/submarine_description:/opt/ros/humble /usr/bin/cmake --install /home/ubuntu/Desktop/ros2_ws/build/submarine_bringup
[0.362s] -- Install configuration: ""
[0.362s] -- Execute custom install script
[0.363s] -- Up-to-date symlink: /home/ubuntu/Desktop/ros2_ws/install/submarine_bringup/share/{PROJECT_NAME}/launch/submarine_gazebo.launch.xml
[0.363s] -- Up-to-date symlink: /home/ubuntu/Desktop/ros2_ws/install/submarine_bringup/share/ament_index/resource_index/package_run_dependencies/submarine_bringup
[0.363s] -- Up-to-date symlink: /home/ubuntu/Desktop/ros2_ws/install/submarine_bringup/share/ament_index/resource_index/parent_prefix_path/submarine_bringup
[0.363s] -- Up-to-date symlink: /home/ubuntu/Desktop/ros2_ws/install/submarine_bringup/share/submarine_bringup/environment/ament_prefix_path.sh
[0.363s] -- Up-to-date symlink: /home/ubuntu/Desktop/ros2_ws/install/submarine_bringup/share/submarine_bringup/environment/ament_prefix_path.dsv
[0.363s] -- Up-to-date symlink: /home/ubuntu/Desktop/ros2_ws/install/submarine_bringup/share/submarine_bringup/environment/path.sh
[0.364s] -- Up-to-date symlink: /home/ubuntu/Desktop/ros2_ws/install/submarine_bringup/share/submarine_bringup/environment/path.dsv
[0.364s] -- Up-to-date symlink: /home/ubuntu/Desktop/ros2_ws/install/submarine_bringup/share/submarine_bringup/local_setup.bash
[0.364s] -- Up-to-date symlink: /home/ubuntu/Desktop/ros2_ws/install/submarine_bringup/share/submarine_bringup/local_setup.sh
[0.364s] -- Up-to-date symlink: /home/ubuntu/Desktop/ros2_ws/install/submarine_bringup/share/submarine_bringup/local_setup.zsh
[0.364s] -- Up-to-date symlink: /home/ubuntu/Desktop/ros2_ws/install/submarine_bringup/share/submarine_bringup/local_setup.dsv
[0.364s] -- Symlinking: /home/ubuntu/Desktop/ros2_ws/install/submarine_bringup/share/submarine_bringup/package.dsv
[0.375s] -- Up-to-date symlink: /home/ubuntu/Desktop/ros2_ws/install/submarine_bringup/share/ament_index/resource_index/packages/submarine_bringup
[0.375s] -- Up-to-date symlink: /home/ubuntu/Desktop/ros2_ws/install/submarine_bringup/share/submarine_bringup/cmake/submarine_bringupConfig.cmake
[0.375s] -- Up-to-date symlink: /home/ubuntu/Desktop/ros2_ws/install/submarine_bringup/share/submarine_bringup/cmake/submarine_bringupConfig-version.cmake
[0.376s] -- Up-to-date symlink: /home/ubuntu/Desktop/ros2_ws/install/submarine_bringup/share/submarine_bringup/package.xml
[0.378s] Invoked command in '/home/ubuntu/Desktop/ros2_ws/build/submarine_bringup' returned '0': AMENT_PREFIX_PATH=/home/ubuntu/Desktop/ros2_ws/install/submarine_description:${AMENT_PREFIX_PATH} CMAKE_PREFIX_PATH=/home/ubuntu/Desktop/ros2_ws/install/submarine_description:/opt/ros/humble /usr/bin/cmake --install /home/ubuntu/Desktop/ros2_ws/build/submarine_bringup
