[0.014s] Invoking command in '/home/ubuntu/Desktop/ros2_ws/build/submarine_bringup': AMENT_PREFIX_PATH=/home/ubuntu/Desktop/ros2_ws/install/submarine_description:${AMENT_PREFIX_PATH} CMAKE_PREFIX_PATH=/home/ubuntu/Desktop/ros2_ws/install/submarine_description:/opt/ros/humble /usr/bin/cmake --build /home/ubuntu/Desktop/ros2_ws/build/submarine_bringup -- -j12 -l12
[0.095s] Invoked command in '/home/ubuntu/Desktop/ros2_ws/build/submarine_bringup' returned '0': AMENT_PREFIX_PATH=/home/ubuntu/Desktop/ros2_ws/install/submarine_description:${AMENT_PREFIX_PATH} CMAKE_PREFIX_PATH=/home/ubuntu/Desktop/ros2_ws/install/submarine_description:/opt/ros/humble /usr/bin/cmake --build /home/ubuntu/Desktop/ros2_ws/build/submarine_bringup -- -j12 -l12
[0.155s] Invoking command in '/home/ubuntu/Desktop/ros2_ws/build/submarine_bringup': AMENT_PREFIX_PATH=/home/ubuntu/Desktop/ros2_ws/install/submarine_description:${AMENT_PREFIX_PATH} CMAKE_PREFIX_PATH=/home/ubuntu/Desktop/ros2_ws/install/submarine_description:/opt/ros/humble /usr/bin/cmake --install /home/ubuntu/Desktop/ros2_ws/build/submarine_bringup
[0.163s] -- Install configuration: ""
[0.163s] -- Execute custom install script
[0.164s] -- Up-to-date symlink: /home/ubuntu/Desktop/ros2_ws/install/submarine_bringup/share/{PROJECT_NAME}/launch/launch/submarine_gazebo.launch.xml
[0.164s] -- Up-to-date symlink: /home/ubuntu/Desktop/ros2_ws/install/submarine_bringup/share/ament_index/resource_index/package_run_dependencies/submarine_bringup
[0.164s] -- Up-to-date symlink: /home/ubuntu/Desktop/ros2_ws/install/submarine_bringup/share/ament_index/resource_index/parent_prefix_path/submarine_bringup
[0.165s] -- Up-to-date symlink: /home/ubuntu/Desktop/ros2_ws/install/submarine_bringup/share/submarine_bringup/environment/ament_prefix_path.sh
[0.165s] -- Up-to-date symlink: /home/ubuntu/Desktop/ros2_ws/install/submarine_bringup/share/submarine_bringup/environment/ament_prefix_path.dsv
[0.165s] -- Up-to-date symlink: /home/ubuntu/Desktop/ros2_ws/install/submarine_bringup/share/submarine_bringup/environment/path.sh
[0.165s] -- Up-to-date symlink: /home/ubuntu/Desktop/ros2_ws/install/submarine_bringup/share/submarine_bringup/environment/path.dsv
[0.166s] -- Up-to-date symlink: /home/ubuntu/Desktop/ros2_ws/install/submarine_bringup/share/submarine_bringup/local_setup.bash
[0.166s] -- Up-to-date symlink: /home/ubuntu/Desktop/ros2_ws/install/submarine_bringup/share/submarine_bringup/local_setup.sh
[0.166s] -- Up-to-date symlink: /home/ubuntu/Desktop/ros2_ws/install/submarine_bringup/share/submarine_bringup/local_setup.zsh
[0.166s] -- Up-to-date symlink: /home/ubuntu/Desktop/ros2_ws/install/submarine_bringup/share/submarine_bringup/local_setup.dsv
[0.167s] -- Symlinking: /home/ubuntu/Desktop/ros2_ws/install/submarine_bringup/share/submarine_bringup/package.dsv
[0.179s] -- Up-to-date symlink: /home/ubuntu/Desktop/ros2_ws/install/submarine_bringup/share/ament_index/resource_index/packages/submarine_bringup
[0.179s] -- Up-to-date symlink: /home/ubuntu/Desktop/ros2_ws/install/submarine_bringup/share/submarine_bringup/cmake/submarine_bringupConfig.cmake
[0.179s] -- Up-to-date symlink: /home/ubuntu/Desktop/ros2_ws/install/submarine_bringup/share/submarine_bringup/cmake/submarine_bringupConfig-version.cmake
[0.180s] -- Up-to-date symlink: /home/ubuntu/Desktop/ros2_ws/install/submarine_bringup/share/submarine_bringup/package.xml
[0.183s] Invoked command in '/home/ubuntu/Desktop/ros2_ws/build/submarine_bringup' returned '0': AMENT_PREFIX_PATH=/home/ubuntu/Desktop/ros2_ws/install/submarine_description:${AMENT_PREFIX_PATH} CMAKE_PREFIX_PATH=/home/ubuntu/Desktop/ros2_ws/install/submarine_description:/opt/ros/humble /usr/bin/cmake --install /home/ubuntu/Desktop/ros2_ws/build/submarine_bringup
