[0.008s] Invoking command in '/home/ubuntu/Desktop/ros2_ws/build/submarine_bringup': AMENT_PREFIX_PATH=/home/ubuntu/Desktop/ros2_ws/install/submarine_description:${AMENT_PREFIX_PATH} CMAKE_PREFIX_PATH=/home/ubuntu/Desktop/ros2_ws/install/submarine_description:/opt/ros/humble /usr/bin/cmake --build /home/ubuntu/Desktop/ros2_ws/build/submarine_bringup -- -j12 -l12
[0.054s] Invoked command in '/home/ubuntu/Desktop/ros2_ws/build/submarine_bringup' returned '0': AMENT_PREFIX_PATH=/home/ubuntu/Desktop/ros2_ws/install/submarine_description:${AMENT_PREFIX_PATH} CMAKE_PREFIX_PATH=/home/ubuntu/Desktop/ros2_ws/install/submarine_description:/opt/ros/humble /usr/bin/cmake --build /home/ubuntu/Desktop/ros2_ws/build/submarine_bringup -- -j12 -l12
[0.100s] Invoking command in '/home/ubuntu/Desktop/ros2_ws/build/submarine_bringup': AMENT_PREFIX_PATH=/home/ubuntu/Desktop/ros2_ws/install/submarine_description:${AMENT_PREFIX_PATH} CMAKE_PREFIX_PATH=/home/ubuntu/Desktop/ros2_ws/install/submarine_description:/opt/ros/humble /usr/bin/cmake --install /home/ubuntu/Desktop/ros2_ws/build/submarine_bringup
[0.108s] -- Install configuration: ""
[0.109s] -- Execute custom install script
[0.109s] -- Up-to-date symlink: /home/ubuntu/Desktop/ros2_ws/install/submarine_bringup/share/{PROJECT_NAME}/launch/submarine_gazebo.launch.xml
[0.110s] -- Up-to-date symlink: /home/ubuntu/Desktop/ros2_ws/install/submarine_bringup/share/ament_index/resource_index/package_run_dependencies/submarine_bringup
[0.110s] -- Up-to-date symlink: /home/ubuntu/Desktop/ros2_ws/install/submarine_bringup/share/ament_index/resource_index/parent_prefix_path/submarine_bringup
[0.110s] -- Up-to-date symlink: /home/ubuntu/Desktop/ros2_ws/install/submarine_bringup/share/submarine_bringup/environment/ament_prefix_path.sh
[0.110s] -- Up-to-date symlink: /home/ubuntu/Desktop/ros2_ws/install/submarine_bringup/share/submarine_bringup/environment/ament_prefix_path.dsv
[0.110s] -- Up-to-date symlink: /home/ubuntu/Desktop/ros2_ws/install/submarine_bringup/share/submarine_bringup/environment/path.sh
[0.110s] -- Up-to-date symlink: /home/ubuntu/Desktop/ros2_ws/install/submarine_bringup/share/submarine_bringup/environment/path.dsv
[0.111s] -- Up-to-date symlink: /home/ubuntu/Desktop/ros2_ws/install/submarine_bringup/share/submarine_bringup/local_setup.bash
[0.111s] -- Up-to-date symlink: /home/ubuntu/Desktop/ros2_ws/install/submarine_bringup/share/submarine_bringup/local_setup.sh
[0.111s] -- Up-to-date symlink: /home/ubuntu/Desktop/ros2_ws/install/submarine_bringup/share/submarine_bringup/local_setup.zsh
[0.111s] -- Up-to-date symlink: /home/ubuntu/Desktop/ros2_ws/install/submarine_bringup/share/submarine_bringup/local_setup.dsv
[0.111s] -- Symlinking: /home/ubuntu/Desktop/ros2_ws/install/submarine_bringup/share/submarine_bringup/package.dsv
[0.122s] -- Up-to-date symlink: /home/ubuntu/Desktop/ros2_ws/install/submarine_bringup/share/ament_index/resource_index/packages/submarine_bringup
[0.122s] -- Up-to-date symlink: /home/ubuntu/Desktop/ros2_ws/install/submarine_bringup/share/submarine_bringup/cmake/submarine_bringupConfig.cmake
[0.123s] -- Up-to-date symlink: /home/ubuntu/Desktop/ros2_ws/install/submarine_bringup/share/submarine_bringup/cmake/submarine_bringupConfig-version.cmake
[0.123s] -- Up-to-date symlink: /home/ubuntu/Desktop/ros2_ws/install/submarine_bringup/share/submarine_bringup/package.xml
[0.125s] Invoked command in '/home/ubuntu/Desktop/ros2_ws/build/submarine_bringup' returned '0': AMENT_PREFIX_PATH=/home/ubuntu/Desktop/ros2_ws/install/submarine_description:${AMENT_PREFIX_PATH} CMAKE_PREFIX_PATH=/home/ubuntu/Desktop/ros2_ws/install/submarine_description:/opt/ros/humble /usr/bin/cmake --install /home/ubuntu/Desktop/ros2_ws/build/submarine_bringup
